INFO:  latexindent.pl version 3.23.9, 2024-04-06, a script to indent .tex files
       latexindent.pl lives here: /home/toantran292/.miktex/texmfs/install/scripts/latexindent/
       Wed Apr 24 23:09:38 2024
       Filename: /home/toantran292/Developments/Study/TranThaiToan-B2203534-CT449-BTL-report/report/chap03/__latexindent_temp_03_quanlysach.tex
INFO:  Processing switches:
       -y|--yaml: YAML settings specified via command line
       -c|--cruft: cruft directory
INFO:  Directory for backup files and /home/toantran292/Developments/Study/TranThaiToan-B2203534-CT449-BTL-report/report//indent.log:
       /home/toantran292/Developments/Study/TranThaiToan-B2203534-CT449-BTL-report/report/
INFO:  Perl modules are being loaded from the following directories:
       /usr/share/perl5/FindBin.pm
       /usr/share/perl5/vendor_perl/YAML/Tiny.pm
       /usr/share/perl5/File/Copy.pm
       /usr/share/perl5/File/Basename.pm
       /usr/share/perl5/vendor_perl/Getopt/Long.pm
       /usr/share/perl5/vendor_perl/File/HomeDir.pm
INFO:  LatexIndent perl modules are being loaded from, for example:
       /home/toantran292/.miktex/texmfs/install/scripts/latexindent/LatexIndent/Document.pm
INFO:  YAML settings read: defaultSettings.yaml
       Reading defaultSettings.yaml from /home/toantran292/.miktex/texmfs/install/scripts/latexindent/defaultSettings.yaml
INFO:  YAML reading settings
       Home directory is /home/toantran292
       latexindent.pl didn't find indentconfig.yaml or .indentconfig.yaml
       see all possible locations: https://latexindentpl.readthedocs.io/en/latest/sec-appendices.html#indentconfig-options)
INFO:  YAML settings read: -y switch
       YAML setting: defaultIndent:'  '
       single-quoted string found in -y switch: '  ', substitute to   
       Updating mainSettings with defaultIndent:   
INFO:  Phase 1: searching for objects
INFO:  Phase 2: finding surrounding indentation
INFO:  Phase 3: indenting objects
INFO:  Phase 4: final indentation check
INFO:  Output routine:
       Not outputting to file; see -w and -o switches for more options.
       --------------
INFO:  Please direct all communication/issues to:
        https://github.com/cmhughes/latexindent.pl
